Determining if the pthread_create exist failed with the following output:
Change Dir: /home/kat/Documentos/CSUNSA7/8voSemestre/ComputacionGrafica/GRAFICA/CMakeFiles/CMakeTmp

Run Build Command:"/usr/bin/make" "cmTC_93c45/fast"
/usr/bin/make -f CMakeFiles/cmTC_93c45.dir/build.make CMakeFiles/cmTC_93c45.dir/build
make[1]: se entra en el directorio '/home/kat/Documentos/CSUNSA7/8voSemestre/ComputacionGrafica/GRAFICA/CMakeFiles/CMakeTmp'
Building C object CMakeFiles/cmTC_93c45.dir/CheckSymbolExists.c.o
/usr/bin/cc     -o CMakeFiles/cmTC_93c45.dir/CheckSymbolExists.c.o   -c /home/kat/Documentos/CSUNSA7/8voSemestre/ComputacionGrafica/GRAFICA/CMakeFiles/CMakeTmp/CheckSymbolExists.c
Linking C executable cmTC_93c45
/usr/bin/cmake -E cmake_link_script CMakeFiles/cmTC_93c45.dir/link.txt --verbose=1
/usr/bin/cc       CMakeFiles/cmTC_93c45.dir/CheckSymbolExists.c.o  -o cmTC_93c45 -rdynamic 
CMakeFiles/cmTC_93c45.dir/CheckSymbolExists.c.o: En la función `main':
CheckSymbolExists.c:(.text+0x16): referencia a `pthread_create' sin definir
collect2: error: ld returned 1 exit status
CMakeFiles/cmTC_93c45.dir/build.make:97: fallo en las instrucciones para el objetivo 'cmTC_93c45'
make[1]: *** [cmTC_93c45] Error 1
make[1]: se sale del directorio '/home/kat/Documentos/CSUNSA7/8voSemestre/ComputacionGrafica/GRAFICA/CMakeFiles/CMakeTmp'
Makefile:126: fallo en las instrucciones para el objetivo 'cmTC_93c45/fast'
make: *** [cmTC_93c45/fast] Error 2

File /home/kat/Documentos/CSUNSA7/8voSemestre/ComputacionGrafica/GRAFICA/CMakeFiles/CMakeTmp/CheckSymbolExists.c:
/* */
#include <pthread.h>

int main(int argc, char** argv)
{
  (void)argv;
#ifndef pthread_create
  return ((int*)(&pthread_create))[argc];
#else
  (void)argc;
  return 0;
#endif
}

Determining if the function pthread_create exists in the pthreads failed with the following output:
Change Dir: /home/kat/Documentos/CSUNSA7/8voSemestre/ComputacionGrafica/GRAFICA/CMakeFiles/CMakeTmp

Run Build Command:"/usr/bin/make" "cmTC_bf790/fast"
/usr/bin/make -f CMakeFiles/cmTC_bf790.dir/build.make CMakeFiles/cmTC_bf790.dir/build
make[1]: se entra en el directorio '/home/kat/Documentos/CSUNSA7/8voSemestre/ComputacionGrafica/GRAFICA/CMakeFiles/CMakeTmp'
Building C object CMakeFiles/cmTC_bf790.dir/CheckFunctionExists.c.o
/usr/bin/cc    -DCHECK_FUNCTION_EXISTS=pthread_create   -o CMakeFiles/cmTC_bf790.dir/CheckFunctionExists.c.o   -c /usr/share/cmake-3.5/Modules/CheckFunctionExists.c
Linking C executable cmTC_bf790
/usr/bin/cmake -E cmake_link_script CMakeFiles/cmTC_bf790.dir/link.txt --verbose=1
/usr/bin/cc   -DCHECK_FUNCTION_EXISTS=pthread_create    CMakeFiles/cmTC_bf790.dir/CheckFunctionExists.c.o  -o cmTC_bf790 -rdynamic -lpthreads 
/usr/bin/ld: no se puede encontrar -lpthreads
collect2: error: ld returned 1 exit status
CMakeFiles/cmTC_bf790.dir/build.make:97: fallo en las instrucciones para el objetivo 'cmTC_bf790'
make[1]: *** [cmTC_bf790] Error 1
make[1]: se sale del directorio '/home/kat/Documentos/CSUNSA7/8voSemestre/ComputacionGrafica/GRAFICA/CMakeFiles/CMakeTmp'
Makefile:126: fallo en las instrucciones para el objetivo 'cmTC_bf790/fast'
make: *** [cmTC_bf790/fast] Error 2


Determining if the pthread_create exist failed with the following output:
Change Dir: /home/kat/Documentos/CSUNSA7/8voSemestre/ComputacionGrafica/GRAFICA/CMakeFiles/CMakeTmp

Run Build Command:"/usr/bin/make" "cmTC_83924/fast"
/usr/bin/make -f CMakeFiles/cmTC_83924.dir/build.make CMakeFiles/cmTC_83924.dir/build
make[1]: se entra en el directorio '/home/kat/Documentos/CSUNSA7/8voSemestre/ComputacionGrafica/GRAFICA/CMakeFiles/CMakeTmp'
Building C object CMakeFiles/cmTC_83924.dir/CheckSymbolExists.c.o
/usr/bin/cc     -o CMakeFiles/cmTC_83924.dir/CheckSymbolExists.c.o   -c /home/kat/Documentos/CSUNSA7/8voSemestre/ComputacionGrafica/GRAFICA/CMakeFiles/CMakeTmp/CheckSymbolExists.c
Linking C executable cmTC_83924
/usr/bin/cmake -E cmake_link_script CMakeFiles/cmTC_83924.dir/link.txt --verbose=1
/usr/bin/cc       CMakeFiles/cmTC_83924.dir/CheckSymbolExists.c.o  -o cmTC_83924 -rdynamic 
CMakeFiles/cmTC_83924.dir/CheckSymbolExists.c.o: En la función `main':
CheckSymbolExists.c:(.text+0x16): referencia a `pthread_create' sin definir
collect2: error: ld returned 1 exit status
CMakeFiles/cmTC_83924.dir/build.make:97: fallo en las instrucciones para el objetivo 'cmTC_83924'
make[1]: *** [cmTC_83924] Error 1
make[1]: se sale del directorio '/home/kat/Documentos/CSUNSA7/8voSemestre/ComputacionGrafica/GRAFICA/CMakeFiles/CMakeTmp'
Makefile:126: fallo en las instrucciones para el objetivo 'cmTC_83924/fast'
make: *** [cmTC_83924/fast] Error 2

File /home/kat/Documentos/CSUNSA7/8voSemestre/ComputacionGrafica/GRAFICA/CMakeFiles/CMakeTmp/CheckSymbolExists.c:
/* */
#include <pthread.h>

int main(int argc, char** argv)
{
  (void)argv;
#ifndef pthread_create
  return ((int*)(&pthread_create))[argc];
#else
  (void)argc;
  return 0;
#endif
}

Determining if the function pthread_create exists in the pthreads failed with the following output:
Change Dir: /home/kat/Documentos/CSUNSA7/8voSemestre/ComputacionGrafica/GRAFICA/CMakeFiles/CMakeTmp

Run Build Command:"/usr/bin/make" "cmTC_9cce7/fast"
/usr/bin/make -f CMakeFiles/cmTC_9cce7.dir/build.make CMakeFiles/cmTC_9cce7.dir/build
make[1]: se entra en el directorio '/home/kat/Documentos/CSUNSA7/8voSemestre/ComputacionGrafica/GRAFICA/CMakeFiles/CMakeTmp'
Building C object CMakeFiles/cmTC_9cce7.dir/CheckFunctionExists.c.o
/usr/bin/cc    -DCHECK_FUNCTION_EXISTS=pthread_create   -o CMakeFiles/cmTC_9cce7.dir/CheckFunctionExists.c.o   -c /usr/share/cmake-3.5/Modules/CheckFunctionExists.c
Linking C executable cmTC_9cce7
/usr/bin/cmake -E cmake_link_script CMakeFiles/cmTC_9cce7.dir/link.txt --verbose=1
/usr/bin/cc   -DCHECK_FUNCTION_EXISTS=pthread_create    CMakeFiles/cmTC_9cce7.dir/CheckFunctionExists.c.o  -o cmTC_9cce7 -rdynamic -lpthreads 
/usr/bin/ld: no se puede encontrar -lpthreads
collect2: error: ld returned 1 exit status
CMakeFiles/cmTC_9cce7.dir/build.make:97: fallo en las instrucciones para el objetivo 'cmTC_9cce7'
make[1]: *** [cmTC_9cce7] Error 1
make[1]: se sale del directorio '/home/kat/Documentos/CSUNSA7/8voSemestre/ComputacionGrafica/GRAFICA/CMakeFiles/CMakeTmp'
Makefile:126: fallo en las instrucciones para el objetivo 'cmTC_9cce7/fast'
make: *** [cmTC_9cce7/fast] Error 2


Determining if the pthread_create exist failed with the following output:
Change Dir: /home/kat/Documentos/CSUNSA7/8voSemestre/ComputacionGrafica/GRAFICA/CMakeFiles/CMakeTmp

Run Build Command:"/usr/bin/make" "cmTC_54778/fast"
/usr/bin/make -f CMakeFiles/cmTC_54778.dir/build.make CMakeFiles/cmTC_54778.dir/build
make[1]: se entra en el directorio '/home/kat/Documentos/CSUNSA7/8voSemestre/ComputacionGrafica/GRAFICA/CMakeFiles/CMakeTmp'
Building C object CMakeFiles/cmTC_54778.dir/CheckSymbolExists.c.o
/usr/bin/cc     -o CMakeFiles/cmTC_54778.dir/CheckSymbolExists.c.o   -c /home/kat/Documentos/CSUNSA7/8voSemestre/ComputacionGrafica/GRAFICA/CMakeFiles/CMakeTmp/CheckSymbolExists.c
Linking C executable cmTC_54778
/usr/bin/cmake -E cmake_link_script CMakeFiles/cmTC_54778.dir/link.txt --verbose=1
/usr/bin/cc       CMakeFiles/cmTC_54778.dir/CheckSymbolExists.c.o  -o cmTC_54778 -rdynamic 
CMakeFiles/cmTC_54778.dir/CheckSymbolExists.c.o: En la función `main':
CheckSymbolExists.c:(.text+0x16): referencia a `pthread_create' sin definir
collect2: error: ld returned 1 exit status
CMakeFiles/cmTC_54778.dir/build.make:97: fallo en las instrucciones para el objetivo 'cmTC_54778'
make[1]: *** [cmTC_54778] Error 1
make[1]: se sale del directorio '/home/kat/Documentos/CSUNSA7/8voSemestre/ComputacionGrafica/GRAFICA/CMakeFiles/CMakeTmp'
Makefile:126: fallo en las instrucciones para el objetivo 'cmTC_54778/fast'
make: *** [cmTC_54778/fast] Error 2

File /home/kat/Documentos/CSUNSA7/8voSemestre/ComputacionGrafica/GRAFICA/CMakeFiles/CMakeTmp/CheckSymbolExists.c:
/* */
#include <pthread.h>

int main(int argc, char** argv)
{
  (void)argv;
#ifndef pthread_create
  return ((int*)(&pthread_create))[argc];
#else
  (void)argc;
  return 0;
#endif
}

Determining if the function pthread_create exists in the pthreads failed with the following output:
Change Dir: /home/kat/Documentos/CSUNSA7/8voSemestre/ComputacionGrafica/GRAFICA/CMakeFiles/CMakeTmp

Run Build Command:"/usr/bin/make" "cmTC_c379c/fast"
/usr/bin/make -f CMakeFiles/cmTC_c379c.dir/build.make CMakeFiles/cmTC_c379c.dir/build
make[1]: se entra en el directorio '/home/kat/Documentos/CSUNSA7/8voSemestre/ComputacionGrafica/GRAFICA/CMakeFiles/CMakeTmp'
Building C object CMakeFiles/cmTC_c379c.dir/CheckFunctionExists.c.o
/usr/bin/cc    -DCHECK_FUNCTION_EXISTS=pthread_create   -o CMakeFiles/cmTC_c379c.dir/CheckFunctionExists.c.o   -c /usr/share/cmake-3.5/Modules/CheckFunctionExists.c
Linking C executable cmTC_c379c
/usr/bin/cmake -E cmake_link_script CMakeFiles/cmTC_c379c.dir/link.txt --verbose=1
/usr/bin/cc   -DCHECK_FUNCTION_EXISTS=pthread_create    CMakeFiles/cmTC_c379c.dir/CheckFunctionExists.c.o  -o cmTC_c379c -rdynamic -lpthreads 
/usr/bin/ld: no se puede encontrar -lpthreads
collect2: error: ld returned 1 exit status
CMakeFiles/cmTC_c379c.dir/build.make:97: fallo en las instrucciones para el objetivo 'cmTC_c379c'
make[1]: *** [cmTC_c379c] Error 1
make[1]: se sale del directorio '/home/kat/Documentos/CSUNSA7/8voSemestre/ComputacionGrafica/GRAFICA/CMakeFiles/CMakeTmp'
Makefile:126: fallo en las instrucciones para el objetivo 'cmTC_c379c/fast'
make: *** [cmTC_c379c/fast] Error 2


Determining if the pthread_create exist failed with the following output:
Change Dir: /home/kat/Documentos/CSUNSA7/8voSemestre/ComputacionGrafica/GRAFICA/CMakeFiles/CMakeTmp

Run Build Command:"/usr/bin/make" "cmTC_e0697/fast"
/usr/bin/make -f CMakeFiles/cmTC_e0697.dir/build.make CMakeFiles/cmTC_e0697.dir/build
make[1]: se entra en el directorio '/home/kat/Documentos/CSUNSA7/8voSemestre/ComputacionGrafica/GRAFICA/CMakeFiles/CMakeTmp'
Building C object CMakeFiles/cmTC_e0697.dir/CheckSymbolExists.c.o
/usr/bin/cc     -o CMakeFiles/cmTC_e0697.dir/CheckSymbolExists.c.o   -c /home/kat/Documentos/CSUNSA7/8voSemestre/ComputacionGrafica/GRAFICA/CMakeFiles/CMakeTmp/CheckSymbolExists.c
Linking C executable cmTC_e0697
/usr/bin/cmake -E cmake_link_script CMakeFiles/cmTC_e0697.dir/link.txt --verbose=1
/usr/bin/cc       CMakeFiles/cmTC_e0697.dir/CheckSymbolExists.c.o  -o cmTC_e0697 -rdynamic 
CMakeFiles/cmTC_e0697.dir/CheckSymbolExists.c.o: En la función `main':
CheckSymbolExists.c:(.text+0x16): referencia a `pthread_create' sin definir
collect2: error: ld returned 1 exit status
CMakeFiles/cmTC_e0697.dir/build.make:97: fallo en las instrucciones para el objetivo 'cmTC_e0697'
make[1]: *** [cmTC_e0697] Error 1
make[1]: se sale del directorio '/home/kat/Documentos/CSUNSA7/8voSemestre/ComputacionGrafica/GRAFICA/CMakeFiles/CMakeTmp'
Makefile:126: fallo en las instrucciones para el objetivo 'cmTC_e0697/fast'
make: *** [cmTC_e0697/fast] Error 2

File /home/kat/Documentos/CSUNSA7/8voSemestre/ComputacionGrafica/GRAFICA/CMakeFiles/CMakeTmp/CheckSymbolExists.c:
/* */
#include <pthread.h>

int main(int argc, char** argv)
{
  (void)argv;
#ifndef pthread_create
  return ((int*)(&pthread_create))[argc];
#else
  (void)argc;
  return 0;
#endif
}

Determining if the function pthread_create exists in the pthreads failed with the following output:
Change Dir: /home/kat/Documentos/CSUNSA7/8voSemestre/ComputacionGrafica/GRAFICA/CMakeFiles/CMakeTmp

Run Build Command:"/usr/bin/make" "cmTC_8bb55/fast"
/usr/bin/make -f CMakeFiles/cmTC_8bb55.dir/build.make CMakeFiles/cmTC_8bb55.dir/build
make[1]: se entra en el directorio '/home/kat/Documentos/CSUNSA7/8voSemestre/ComputacionGrafica/GRAFICA/CMakeFiles/CMakeTmp'
Building C object CMakeFiles/cmTC_8bb55.dir/CheckFunctionExists.c.o
/usr/bin/cc    -DCHECK_FUNCTION_EXISTS=pthread_create   -o CMakeFiles/cmTC_8bb55.dir/CheckFunctionExists.c.o   -c /usr/share/cmake-3.5/Modules/CheckFunctionExists.c
Linking C executable cmTC_8bb55
/usr/bin/cmake -E cmake_link_script CMakeFiles/cmTC_8bb55.dir/link.txt --verbose=1
/usr/bin/cc   -DCHECK_FUNCTION_EXISTS=pthread_create    CMakeFiles/cmTC_8bb55.dir/CheckFunctionExists.c.o  -o cmTC_8bb55 -rdynamic -lpthreads 
/usr/bin/ld: no se puede encontrar -lpthreads
collect2: error: ld returned 1 exit status
CMakeFiles/cmTC_8bb55.dir/build.make:97: fallo en las instrucciones para el objetivo 'cmTC_8bb55'
make[1]: *** [cmTC_8bb55] Error 1
make[1]: se sale del directorio '/home/kat/Documentos/CSUNSA7/8voSemestre/ComputacionGrafica/GRAFICA/CMakeFiles/CMakeTmp'
Makefile:126: fallo en las instrucciones para el objetivo 'cmTC_8bb55/fast'
make: *** [cmTC_8bb55/fast] Error 2


Determining if the pthread_create exist failed with the following output:
Change Dir: /home/kat/Documentos/CSUNSA7/8voSemestre/ComputacionGrafica/GRAFICA/CMakeFiles/CMakeTmp

Run Build Command:"/usr/bin/make" "cmTC_fa35b/fast"
/usr/bin/make -f CMakeFiles/cmTC_fa35b.dir/build.make CMakeFiles/cmTC_fa35b.dir/build
make[1]: se entra en el directorio '/home/kat/Documentos/CSUNSA7/8voSemestre/ComputacionGrafica/GRAFICA/CMakeFiles/CMakeTmp'
Building C object CMakeFiles/cmTC_fa35b.dir/CheckSymbolExists.c.o
/usr/bin/cc     -o CMakeFiles/cmTC_fa35b.dir/CheckSymbolExists.c.o   -c /home/kat/Documentos/CSUNSA7/8voSemestre/ComputacionGrafica/GRAFICA/CMakeFiles/CMakeTmp/CheckSymbolExists.c
Linking C executable cmTC_fa35b
/usr/bin/cmake -E cmake_link_script CMakeFiles/cmTC_fa35b.dir/link.txt --verbose=1
/usr/bin/cc       CMakeFiles/cmTC_fa35b.dir/CheckSymbolExists.c.o  -o cmTC_fa35b -rdynamic 
CMakeFiles/cmTC_fa35b.dir/CheckSymbolExists.c.o: En la función `main':
CheckSymbolExists.c:(.text+0x16): referencia a `pthread_create' sin definir
collect2: error: ld returned 1 exit status
CMakeFiles/cmTC_fa35b.dir/build.make:97: fallo en las instrucciones para el objetivo 'cmTC_fa35b'
make[1]: *** [cmTC_fa35b] Error 1
make[1]: se sale del directorio '/home/kat/Documentos/CSUNSA7/8voSemestre/ComputacionGrafica/GRAFICA/CMakeFiles/CMakeTmp'
Makefile:126: fallo en las instrucciones para el objetivo 'cmTC_fa35b/fast'
make: *** [cmTC_fa35b/fast] Error 2

File /home/kat/Documentos/CSUNSA7/8voSemestre/ComputacionGrafica/GRAFICA/CMakeFiles/CMakeTmp/CheckSymbolExists.c:
/* */
#include <pthread.h>

int main(int argc, char** argv)
{
  (void)argv;
#ifndef pthread_create
  return ((int*)(&pthread_create))[argc];
#else
  (void)argc;
  return 0;
#endif
}

Determining if the function pthread_create exists in the pthreads failed with the following output:
Change Dir: /home/kat/Documentos/CSUNSA7/8voSemestre/ComputacionGrafica/GRAFICA/CMakeFiles/CMakeTmp

Run Build Command:"/usr/bin/make" "cmTC_96aff/fast"
/usr/bin/make -f CMakeFiles/cmTC_96aff.dir/build.make CMakeFiles/cmTC_96aff.dir/build
make[1]: se entra en el directorio '/home/kat/Documentos/CSUNSA7/8voSemestre/ComputacionGrafica/GRAFICA/CMakeFiles/CMakeTmp'
Building C object CMakeFiles/cmTC_96aff.dir/CheckFunctionExists.c.o
/usr/bin/cc    -DCHECK_FUNCTION_EXISTS=pthread_create   -o CMakeFiles/cmTC_96aff.dir/CheckFunctionExists.c.o   -c /usr/share/cmake-3.5/Modules/CheckFunctionExists.c
Linking C executable cmTC_96aff
/usr/bin/cmake -E cmake_link_script CMakeFiles/cmTC_96aff.dir/link.txt --verbose=1
/usr/bin/cc   -DCHECK_FUNCTION_EXISTS=pthread_create    CMakeFiles/cmTC_96aff.dir/CheckFunctionExists.c.o  -o cmTC_96aff -rdynamic -lpthreads 
/usr/bin/ld: no se puede encontrar -lpthreads
collect2: error: ld returned 1 exit status
CMakeFiles/cmTC_96aff.dir/build.make:97: fallo en las instrucciones para el objetivo 'cmTC_96aff'
make[1]: *** [cmTC_96aff] Error 1
make[1]: se sale del directorio '/home/kat/Documentos/CSUNSA7/8voSemestre/ComputacionGrafica/GRAFICA/CMakeFiles/CMakeTmp'
Makefile:126: fallo en las instrucciones para el objetivo 'cmTC_96aff/fast'
make: *** [cmTC_96aff/fast] Error 2


